[debug] [2018-07-01T22:15:34.954Z] ----------------------------------------------------------------------
[debug] [2018-07-01T22:15:34.956Z] Command:       /Users/kimberlybell/.nvm/versions/node/v8.9.4/bin/node /Users/kimberlybell/.nvm/versions/node/v8.9.4/bin/firebase serve
[debug] [2018-07-01T22:15:34.956Z] CLI Version:   3.18.6
[debug] [2018-07-01T22:15:34.957Z] Platform:      darwin
[debug] [2018-07-01T22:15:34.957Z] Node Version:  v8.9.4
[debug] [2018-07-01T22:15:34.957Z] Time:          Sun Jul 01 2018 18:15:34 GMT-0400 (EDT)
[debug] [2018-07-01T22:15:34.957Z] ----------------------------------------------------------------------
[debug] 
[debug] [2018-07-01T22:15:34.976Z] > command requires scopes: ["email","openid","https://www.googleapis.com/auth/cloudplatformprojects.readonly","https://www.googleapis.com/auth/firebase","https://www.googleapis.com/auth/cloud-platform"]
[debug] [2018-07-01T22:15:34.976Z] > authorizing via signed-in user
[debug] [2018-07-01T22:15:34.978Z] > refreshing access token with scopes: ["email","https://www.googleapis.com/auth/cloud-platform","https://www.googleapis.com/auth/cloudplatformprojects.readonly","https://www.googleapis.com/auth/firebase","openid"]
[debug] [2018-07-01T22:15:34.978Z] >>> HTTP REQUEST POST https://www.googleapis.com/oauth2/v3/token  
 { refresh_token: '1/BKh4H8VSEOjyGYAyyVLUhKxcB8ItAsQO-SEpYVGuT18',
  client_id: '563584335869-fgrhgmd47bqnekij5i8b5pr03ho849e6.apps.googleusercontent.com',
  client_secret: 'j9iVZfS8kkCEFUPaAeJV0sAi',
  grant_type: 'refresh_token',
  scope: 'email https://www.googleapis.com/auth/cloud-platform https://www.googleapis.com/auth/cloudplatformprojects.readonly https://www.googleapis.com/auth/firebase openid' } 
 Sun Jul 01 2018 18:15:34 GMT-0400 (EDT)
[debug] [2018-07-01T22:15:35.301Z] <<< HTTP RESPONSE 200
[debug] [2018-07-01T22:15:35.317Z] >>> HTTP REQUEST GET https://admin.firebase.com/v1/projects/advanced-react-75d42  
  
 Sun Jul 01 2018 18:15:35 GMT-0400 (EDT)
[debug] [2018-07-01T22:15:35.784Z] <<< HTTP RESPONSE 200
[debug] [2018-07-01T22:15:35.785Z] >>> HTTP REQUEST GET https://admin.firebase.com/v1/database/advanced-react-75d42/tokens  
  
 Sun Jul 01 2018 18:15:35 GMT-0400 (EDT)
[debug] [2018-07-01T22:15:36.288Z] <<< HTTP RESPONSE 200
[debug] [2018-07-01T22:15:36.288Z] >>> HTTP REQUEST GET https://cloudresourcemanager.googleapis.com/v1/projects/advanced-react-75d42  
  
 Sun Jul 01 2018 18:15:36 GMT-0400 (EDT)
[debug] [2018-07-01T22:15:36.682Z] <<< HTTP RESPONSE 200
[info] 
[info] === Serving from '/Users/kimberlybell/Desktop/workspace/advancedReduxCode'...
[info] 
[debug] [2018-07-01T22:15:36.684Z] >>> HTTP REQUEST GET https://mobilesdk-pa.googleapis.com/v1/projects/109028524209/clients/_:getWebAppConfig  
  
 Sun Jul 01 2018 18:15:36 GMT-0400 (EDT)
[debug] [2018-07-01T22:15:37.211Z] <<< HTTP RESPONSE 200
[info] i  hosting: Serving hosting files from: public
[info] ✔  hosting: Local server: http://localhost:5000

